<?xml version="1.0" encoding="UTF-8"?>
<robot generator="Robot 7.0.1 (Python 3.14.3 on win32)" generated="2026-02-27T14:31:22.661440" rpa="false" schemaversion="5">
<suite id="s1" name="Test Relais Schneider" source="C:\Users\Nicol\Documents\schneider_robotframework\tests\robot\test_relais_schneider.robot">
<kw name="Connecter au relais" type="SETUP">
<msg time="2026-02-27T14:31:22.810789" level="FAIL">No keyword with name 'Connecter au relais' found.</msg>
<status status="FAIL" start="2026-02-27T14:31:22.810684" elapsed="0.000221">No keyword with name 'Connecter au relais' found.</status>
</kw>
<test id="s1-t1" name="TC01 - Disjoncteur fermé au démarrage" line="12">
<doc>Vérifie que le relais est fermé au démarrage</doc>
<tag>smoke</tag>
<status status="FAIL" start="2026-02-27T14:31:22.811379" elapsed="0.001016">Parent suite setup failed:
No keyword with name 'Connecter au relais' found.</status>
</test>
<test id="s1-t2" name="TC02 - Tensions triphasées dans la plage nominale" line="17">
<doc>Vérifie que les tensions mesurées sont dans la plage nominale</doc>
<tag>mesures</tag>
<status status="FAIL" start="2026-02-27T14:31:22.816075" elapsed="0.001550">Parent suite setup failed:
No keyword with name 'Connecter au relais' found.</status>
</test>
<test id="s1-t3" name="TC03 - Lecture complète des mesures" line="25">
<doc>Vérifie que toutes les mesures sont lues et stockées correctement</doc>
<tag>mesures</tag>
<status status="FAIL" start="2026-02-27T14:31:22.819755" elapsed="0.000970">Parent suite setup failed:
No keyword with name 'Connecter au relais' found.</status>
</test>
<kw name="Déconnecter du relais" type="TEARDOWN">
<msg time="2026-02-27T14:31:22.825076" level="FAIL">No keyword with name 'Déconnecter du relais' found.</msg>
<status status="FAIL" start="2026-02-27T14:31:22.824958" elapsed="0.000249">No keyword with name 'Déconnecter du relais' found.</status>
</kw>
<status status="FAIL" start="2026-02-27T14:31:22.665047" elapsed="0.160361">Suite setup failed:
No keyword with name 'Connecter au relais' found.

Also suite teardown failed:
No keyword with name 'Déconnecter du relais' found.</status>
</suite>
<statistics>
<total>
<stat pass="0" fail="3" skip="0">All Tests</stat>
</total>
<tag>
<stat pass="0" fail="2" skip="0">mesures</stat>
<stat pass="0" fail="1" skip="0">smoke</stat>
</tag>
<suite>
<stat pass="0" fail="3" skip="0" id="s1" name="Test Relais Schneider">Test Relais Schneider</stat>
</suite>
</statistics>
<errors>
<msg time="2026-02-27T14:31:22.805289" level="ERROR">Error in file 'C:\Users\Nicol\Documents\schneider_robotframework\tests\robot\test_relais_schneider.robot' on line 2: Initializing library 'SchneiderRelayLibrary' with arguments [ use_mock=True ] failed: ModuleNotFoundError: No module named 'mock_relay'
Traceback (most recent call last):
  File "C:\Users\Nicol\Documents\schneider_robotframework\src\SchneiderRelayLibrary.py", line 12, in __init__
    from mock_relay import MockSchneiderRelay
ModuleNotFoundError: No module named 'mock_relay'</msg>
</errors>
</robot>
